[2025-03-30T18:57:45.814+0000] {local_task_job_runner.py:120} INFO - ::group::Pre task execution logs
[2025-03-30T18:57:45.831+0000] {taskinstance.py:2076} INFO - Dependencies all met for dep_context=non-requeueable deps ti=<TaskInstance: dag_deliverable.query_hive_hummidity_changes manual__2025-03-30T18:57:30.199929+00:00 [queued]>
[2025-03-30T18:57:45.835+0000] {taskinstance.py:2076} INFO - Dependencies all met for dep_context=requeueable deps ti=<TaskInstance: dag_deliverable.query_hive_hummidity_changes manual__2025-03-30T18:57:30.199929+00:00 [queued]>
[2025-03-30T18:57:45.836+0000] {taskinstance.py:2306} INFO - Starting attempt 1 of 2
[2025-03-30T18:57:45.850+0000] {taskinstance.py:2330} INFO - Executing <Task(PythonOperator): query_hive_hummidity_changes> on 2025-03-30 18:57:30.199929+00:00
[2025-03-30T18:57:45.858+0000] {standard_task_runner.py:64} INFO - Started process 185 to run task
[2025-03-30T18:57:45.860+0000] {standard_task_runner.py:90} INFO - Running: ['airflow', 'tasks', 'run', 'dag_deliverable', 'query_hive_hummidity_changes', 'manual__2025-03-30T18:57:30.199929+00:00', '--job-id', '223', '--raw', '--subdir', 'DAGS_FOLDER/dag_deliverable.py', '--cfg-path', '/tmp/tmpe2uz71zq']
[2025-03-30T18:57:45.861+0000] {standard_task_runner.py:91} INFO - Job 223: Subtask query_hive_hummidity_changes
[2025-03-30T18:57:45.887+0000] {task_command.py:426} INFO - Running <TaskInstance: dag_deliverable.query_hive_hummidity_changes manual__2025-03-30T18:57:30.199929+00:00 [running]> on host airflow
[2025-03-30T18:57:45.938+0000] {taskinstance.py:2648} INFO - Exporting env vars: AIRFLOW_CTX_DAG_OWNER='airflow' AIRFLOW_CTX_DAG_ID='dag_deliverable' AIRFLOW_CTX_TASK_ID='query_hive_hummidity_changes' AIRFLOW_CTX_EXECUTION_DATE='2025-03-30T18:57:30.199929+00:00' AIRFLOW_CTX_TRY_NUMBER='1' AIRFLOW_CTX_DAG_RUN_ID='manual__2025-03-30T18:57:30.199929+00:00'
[2025-03-30T18:57:45.938+0000] {taskinstance.py:430} INFO - ::endgroup::
[2025-03-30T18:57:45.952+0000] {base.py:84} INFO - Using connection ID 'hive_default' for task execution.
[2025-03-30T18:57:45.973+0000] {hive.py:475} INFO - USE `default`
[2025-03-30T18:57:45.989+0000] {hive.py:475} INFO - SELECT
                record_timestamp,
                ABS(1 - humidity_salon/previous_humidity_salon)) AS change_salon,
                ABS(1 - humidity_chambre/previous_humidity_chambre)) AS change_chambre,
                ABS(1 - humidity_bureau/previous_humidity_bureau)) AS change_bureau,
                ABS(1 - humidity_exterieur/previous_humidity_exterieur)) AS change_exterieur
            FROM (
                SELECT record_timestamp, humidity_salon, humidity_chambre, humidity_bureau, humidity_exterieur,
                    LAG(humidity_salon, 4, humidity_salon) OVER (ORDER BY record_timestamp) AS previous_humidity_salon,
                    LAG(humidity_chambre, 4, humidity_chambre) OVER (ORDER BY record_timestamp) AS previous_humidity_chambre,
                    LAG(humidity_bureau, 4, humidity_bureau) OVER (ORDER BY record_timestamp) AS previous_humidity_bureau,
                    LAG(humidity_exterieur, 4, humidity_exterieur) OVER (ORDER BY record_timestamp) AS previous_humidity_exterieur
                FROM weather.sensor_data
            ) AS t
            WHERE ABS(1 - (humidity_salon/previous_humidity_salon)) > 0.1
                OR ABS(1 - (humidity_chambre/previous_humidity_chambre)) > 0.1
                OR ABS(1 - (humidity_bureau/previous_humidity_bureau)) > 0.1
                OR ABS(1 - (humidity_exterieur/previous_humidity_exterieur)) > 0.1
        
[2025-03-30T18:57:45.992+0000] {dag_deliverable.py:245} ERROR - ‚ùå Error al consultar Hive: TExecuteStatementResp(status=TStatus(statusCode=3, infoMessages=['Server-side error; please check HS2 logs.'], sqlState='42000', errorCode=40000, errorMessage="Error while compiling statement: FAILED: ParseException line 3:63 missing EOF at ')' near ')'"), operationHandle=None)
[2025-03-30T18:57:45.992+0000] {taskinstance.py:441} INFO - ::group::Post task execution logs
[2025-03-30T18:57:45.993+0000] {taskinstance.py:2905} ERROR - Task failed with exception
Traceback (most recent call last):
  File "/home/airflow/.local/lib/python3.9/site-packages/airflow/models/taskinstance.py", line 465, in _execute_task
    result = _execute_callable(context=context, **execute_callable_kwargs)
  File "/home/airflow/.local/lib/python3.9/site-packages/airflow/models/taskinstance.py", line 432, in _execute_callable
    return execute_callable(context=context, **execute_callable_kwargs)
  File "/home/airflow/.local/lib/python3.9/site-packages/airflow/models/baseoperator.py", line 401, in wrapper
    return func(self, *args, **kwargs)
  File "/home/airflow/.local/lib/python3.9/site-packages/airflow/operators/python.py", line 235, in execute
    return_value = self.execute_callable()
  File "/home/airflow/.local/lib/python3.9/site-packages/airflow/operators/python.py", line 252, in execute_callable
    return self.python_callable(*self.op_args, **self.op_kwargs)
  File "/opt/airflow/dags/dag_deliverable.py", line 215, in query_hive_hummidity_changes
    cursor.execute(f"""SELECT
  File "/home/airflow/.local/lib/python3.9/site-packages/pyhive/hive.py", line 481, in execute
    _check_status(response)
  File "/home/airflow/.local/lib/python3.9/site-packages/pyhive/hive.py", line 611, in _check_status
    raise OperationalError(response)
pyhive.exc.OperationalError: TExecuteStatementResp(status=TStatus(statusCode=3, infoMessages=['Server-side error; please check HS2 logs.'], sqlState='42000', errorCode=40000, errorMessage="Error while compiling statement: FAILED: ParseException line 3:63 missing EOF at ')' near ')'"), operationHandle=None)
[2025-03-30T18:57:45.997+0000] {taskinstance.py:1206} INFO - Marking task as UP_FOR_RETRY. dag_id=dag_deliverable, task_id=query_hive_hummidity_changes, run_id=manual__2025-03-30T18:57:30.199929+00:00, execution_date=20250330T185730, start_date=20250330T185745, end_date=20250330T185745
[2025-03-30T18:57:46.011+0000] {standard_task_runner.py:110} ERROR - Failed to execute job 223 for task query_hive_hummidity_changes (TExecuteStatementResp(status=TStatus(statusCode=3, infoMessages=['Server-side error; please check HS2 logs.'], sqlState='42000', errorCode=40000, errorMessage="Error while compiling statement: FAILED: ParseException line 3:63 missing EOF at ')' near ')'"), operationHandle=None); 185)
[2025-03-30T18:57:46.032+0000] {local_task_job_runner.py:243} INFO - Task exited with return code 1
[2025-03-30T18:57:46.041+0000] {taskinstance.py:3503} INFO - 0 downstream tasks scheduled from follow-on schedule check
[2025-03-30T18:57:46.041+0000] {local_task_job_runner.py:222} INFO - ::endgroup::
